{"logTime": "0313/211746", "correlationVector":"Cjhoj3qznTzk1LOm/mmKEF.1","action":"SyncServerConnectionManagerRequest", "result":"SYNC_SERVER_OK", "context":{"environment":"Prod_southindia_prod-s01-004-apac-southindia", "migrationStage":"NotStarted", "server":"akswtt10200002b"}}
{"logTime": "0313/211746", "correlationVector":"Cjhoj3qznTzk1LOm/mmKEF.2","action":"ProcessGetUpdates", "result":"Done", "context":{"dataType":"Encryption Keys", "deleted":"0", "process_failed_to_decrypt":"0", "process_pending_decryption":"0", "process_success":"1", "total":"1"}}
{"logTime": "0313/211746", "correlationVector":"L9lQNd8Y4IL7ASISoLiUqo","action":"SyncServerConnectionManagerRequest", "result":"SYNC_SERVER_OK", "context":{"environment":"", "migrationStage":"", "server":""}}
{"logTime": "0313/211746", "correlationVector":"L9lQNd8Y4IL7ASISoLiUqo.0","action":"EncryptionKeysFetcher.DownloadKeys:", "result":"Success", "context":Key count: 8, Last key timestamp: 2025-11-04T07:16:51Z}
{"logTime": "0313/211746", "correlationVector":"L9lQNd8Y4IL7ASISoLiUqo.1","action":"EncryptionKeysManager::SetEncryptionKeys:", "result":"Success", "context":Key names[8]:[oDFwR2PQEJcU5fw7UAw2x90RPhjjqmpl08XfpDGWeUrGodqZUe5Oq9S2l4YtQ5FnwZwPHHh4XRDPbjpWZxIY6g==][g0JD2/hMMvDK5l41FaU6biMp0dinFv3fpsqrV6gLkSu34EkMbEPCnAXu//cSkZgdfnxQF4iYk89BLb+a03DFLw==][JulyrnvyCqrxikbOgNOKZmGPs4fJ025CoeDTrhn5DnrT4Cf0PHd/dA5vHkV0hQsiOaCrJ20zM03nzVHpdb1vyA==][DYUZDBqETF8qNbopXacwYJ0LWLrA+G7CfBRldDWzjnSLigIcXRbY8HYE5aus1SqRk5FXk+QmTFZxT9bWrY10bA==][YNxgmLghHjsBJjM9eLymM4miNvdICn+ni4LbFioegYNTF5+fmbfNBKAtTzrKebF0RVkIhptjo+L5OEiuWre5Ug==][x0qlr5QINZ3dkHB7J6lDnjv2nQm8TEoShTSua19RzOqbKpLfxoJLHvRQe2rzpItcNUpMmkaKWwkrsEWbb1N2eg==][qU8nKkygrcmCR5fziBLwyFsbCBxN5lhIV3I+VO91gWZZ0qfws4kweEbOovS2qSKcGJ1zm9oXFPZahqcbiHgvLA==][mtwN1w04vWkcxH4RhE9SoUDK388It2YGCAG7+KzTFr3QYFuobR9aSZXenTbleg8NXKonDwD7l+FmEBgIcjDtpA==]}
{"logTime": "0313/211746", "correlationVector":"L9lQNd8Y4IL7ASISoLiUqo.2","action":"EncryptionKeysManager::SetEncryptionKeysWithTimestamps:", "result":"Success", "context":Key timestamps[8]:[2022-05-18T07:25:27Z][2022-11-14T16:55:47Z][2023-05-14T15:53:00Z][2023-11-10T19:54:44Z][2024-05-08T21:21:09Z][2024-11-05T18:52:02Z][2025-05-07T11:01:44Z][2025-11-04T07:16:51Z]}
{"logTime": "0313/211746", "correlationVector":"Cjhoj3qznTzk1LOm/mmKEF","action":"Initial GetUpdates", "result":"", "context":Reason: NEW_CLIENT. cV=Cjhoj3qznTzk1LOm/mmKEF}
{"logTime": "0313/211746", "correlationVector":"Cjhoj3qznTzk1LOm/mmKEF.3","action":"GetUpdates Response", "result":"Success", "context":Received 1 update(s). cV=Cjhoj3qznTzk1LOm/mmKEF.0;server=akswtt10200002b;cloudType=Consumer;environment=Prod_southindia_prod-s01-004-apac-southindia;migrationStage=NotStarted}
{"logTime": "0313/211746", "correlationVector":"h6mGWRdMKwRbNZCjW3W6R2","action":"Initial GetUpdates", "result":"", "context":Reason: NEWLY_SUPPORTED_DATATYPE. cV=h6mGWRdMKwRbNZCjW3W6R2}
{"logTime": "0313/211747", "correlationVector":"h6mGWRdMKwRbNZCjW3W6R2.1","action":"SyncServerConnectionManagerRequest", "result":"SYNC_SERVER_OK", "context":{"environment":"Prod_southindia_prod-s01-004-apac-southindia", "migrationStage":"NotStarted", "server":"akswtt10200003u"}}
{"logTime": "0313/211747", "correlationVector":"h6mGWRdMKwRbNZCjW3W6R2.2","action":"ProcessGetUpdates", "result":"Done", "context":{"dataType":"Preferences", "deleted":"0", "process_failed_to_decrypt":"0", "process_pending_decryption":"0", "process_success":"93", "total":"93"}}
{"logTime": "0313/211747", "correlationVector":"h6mGWRdMKwRbNZCjW3W6R2.3","action":"ProcessGetUpdates", "result":"Done", "context":{"dataType":"Passwords", "deleted":"0", "process_failed_to_decrypt":"0", "process_pending_decryption":"0", "process_success":"63", "total":"63"}}
{"logTime": "0313/211747", "correlationVector":"h6mGWRdMKwRbNZCjW3W6R2.4","action":"ProcessGetUpdates", "result":"Done", "context":{"dataType":"Device Info", "deleted":"0", "process_failed_to_decrypt":"0", "process_pending_decryption":"0", "process_success":"10", "total":"10"}}
{"logTime": "0313/211747", "correlationVector":"h6mGWRdMKwRbNZCjW3W6R2.5","action":"GetUpdates Response", "result":"Success", "context":Received 166 update(s). cV=h6mGWRdMKwRbNZCjW3W6R2.0;server=akswtt10200003u;cloudType=Consumer;environment=Prod_southindia_prod-s01-004-apac-southindia;migrationStage=NotStarted}
{"logTime": "0313/211747", "correlationVector":"3zUhK5yKkQK6zDZx/f1rmL","action":"Initial GetUpdates", "result":"", "context":Reason: NEWLY_SUPPORTED_DATATYPE. cV=3zUhK5yKkQK6zDZx/f1rmL}
{"logTime": "0313/211747", "correlationVector":"3zUhK5yKkQK6zDZx/f1rmL.1","action":"SyncServerConnectionManagerRequest", "result":"SYNC_SERVER_OK", "context":{"environment":"Prod_southindia_prod-s01-004-apac-southindia", "migrationStage":"NotStarted", "server":"akswtt10200002f"}}
{"logTime": "0313/211747", "correlationVector":"3zUhK5yKkQK6zDZx/f1rmL.2","action":"ProcessGetUpdates", "result":"Done", "context":{"dataType":"Bookmarks", "deleted":"0", "process_failed_to_decrypt":"0", "process_pending_decryption":"0", "process_success":"33", "total":"33"}}
{"logTime": "0313/211747", "correlationVector":"3zUhK5yKkQK6zDZx/f1rmL.3","action":"GetUpdates Response", "result":"Success", "context":Received 33 update(s). cV=3zUhK5yKkQK6zDZx/f1rmL.0;server=akswtt10200002f;cloudType=Consumer;environment=Prod_southindia_prod-s01-004-apac-southindia;migrationStage=NotStarted}
{"logTime": "0313/211747", "correlationVector":"E55R4vgf5OXBBNtSG2j6sM","action":"Initial GetUpdates", "result":"", "context":Reason: NEWLY_SUPPORTED_DATATYPE. cV=E55R4vgf5OXBBNtSG2j6sM}
{"logTime": "0313/211748", "correlationVector":"E55R4vgf5OXBBNtSG2j6sM.1","action":"SyncServerConnectionManagerRequest", "result":"SYNC_SERVER_OK", "context":{"environment":"Prod_southindia_prod-s01-004-apac-southindia", "migrationStage":"NotStarted", "server":"akswtt10200002u"}}
{"logTime": "0313/211748", "correlationVector":"E55R4vgf5OXBBNtSG2j6sM.2","action":"ProcessGetUpdates", "result":"Done", "context":{"dataType":"Autofill Profiles", "deleted":"0", "process_failed_to_decrypt":"0", "process_pending_decryption":"0", "process_success":"8", "total":"8"}}
{"logTime": "0313/211748", "correlationVector":"E55R4vgf5OXBBNtSG2j6sM.3","action":"ProcessGetUpdates", "result":"Done", "context":{"dataType":"Autofill", "deleted":"0", "process_failed_to_decrypt":"0", "process_pending_decryption":"0", "process_success":"185", "total":"185"}}
{"logTime": "0313/211748", "correlationVector":"E55R4vgf5OXBBNtSG2j6sM.4","action":"ProcessGetUpdates", "result":"Done", "context":{"dataType":"Extensions", "deleted":"0", "process_failed_to_decrypt":"0", "process_pending_decryption":"0", "process_success":"5", "total":"5"}}
{"logTime": "0313/211748", "correlationVector":"E55R4vgf5OXBBNtSG2j6sM.5","action":"ProcessGetUpdates", "result":"Done", "context":{"dataType":"Sessions", "deleted":"16", "process_failed_to_decrypt":"0", "process_pending_decryption":"0", "process_success":"22", "total":"22"}}
{"logTime": "0313/211748", "correlationVector":"E55R4vgf5OXBBNtSG2j6sM.6","action":"ProcessGetUpdates", "result":"Done", "context":{"dataType":"Web Apps", "deleted":"0", "process_failed_to_decrypt":"0", "process_pending_decryption":"0", "process_success":"5", "total":"5"}}
{"logTime": "0313/211748", "correlationVector":"E55R4vgf5OXBBNtSG2j6sM.7","action":"ProcessGetUpdates", "result":"Done", "context":{"dataType":"Collection", "deleted":"0", "process_failed_to_decrypt":"0", "process_pending_decryption":"0", "process_success":"2", "total":"2"}}
{"logTime": "0313/211748", "correlationVector":"E55R4vgf5OXBBNtSG2j6sM.8","action":"ProcessGetUpdates", "result":"Done", "context":{"dataType":"Edge Hub App Usage", "deleted":"19", "process_failed_to_decrypt":"0", "process_pending_decryption":"0", "process_success":"21", "total":"21"}}
{"logTime": "0313/211748", "correlationVector":"E55R4vgf5OXBBNtSG2j6sM.9","action":"GetUpdates Response", "result":"Success", "context":Received 248 update(s). cV=E55R4vgf5OXBBNtSG2j6sM.0;server=akswtt10200002u;cloudType=Consumer;environment=Prod_southindia_prod-s01-004-apac-southindia;migrationStage=NotStarted}
{"logTime": "0313/211748", "correlationVector":"dkZopasPwW/8jMpIUkRywf","action":"Initial GetUpdates", "result":"", "context":Reason: NEWLY_SUPPORTED_DATATYPE. cV=dkZopasPwW/8jMpIUkRywf}
{"logTime": "0313/211748", "correlationVector":"dkZopasPwW/8jMpIUkRywf.1","action":"SyncServerConnectionManagerRequest", "result":"SYNC_SERVER_OK", "context":{"environment":"Prod_southindia_prod-s01-004-apac-southindia", "migrationStage":"NotStarted", "server":"akswtt10200003u"}}
{"logTime": "0313/211748", "correlationVector":"dkZopasPwW/8jMpIUkRywf.2","action":"ProcessGetUpdates", "result":"Done", "context":{"dataType":"History", "deleted":"0", "process_failed_to_decrypt":"0", "process_pending_decryption":"0", "process_success":"8", "total":"8"}}
{"logTime": "0313/211748", "correlationVector":"dkZopasPwW/8jMpIUkRywf.3","action":"GetUpdates Response", "result":"Success", "context":Received 8 update(s). cV=dkZopasPwW/8jMpIUkRywf.0;server=akswtt10200003u;cloudType=Consumer;environment=Prod_southindia_prod-s01-004-apac-southindia;migrationStage=NotStarted}
{"logTime": "0313/211748", "correlationVector":"jubnHcyvbPml5AisqPQB3W","action":"Normal GetUpdate request", "result":"", "context":cV=jubnHcyvbPml5AisqPQB3W
Nudged types: Sessions, Device Info, User Consents
Refresh requested types: Bookmarks, Preferences, Passwords, Autofill Profiles, Autofill, Extensions, Sessions, Extension settings, History Delete Directives, Device Info, User Consents, Send Tab To Self, Web Apps, History, Saved Tab Group, WebAuthn Credentials, Collection, Edge E Drop, Edge Hub App Usage, Edge Wallet, Edge Workspace, Encryption Keys}
{"logTime": "0313/211749", "correlationVector":"jubnHcyvbPml5AisqPQB3W.1","action":"SyncServerConnectionManagerRequest", "result":"SYNC_SERVER_OK", "context":{"environment":"Prod_southindia_prod-s01-004-apac-southindia", "migrationStage":"NotStarted", "server":"akswtt10200002f"}}
{"logTime": "0313/211749", "correlationVector":"jubnHcyvbPml5AisqPQB3W.2","action":"GetUpdates Response", "result":"Success", "context":Received 0 update(s). cV=jubnHcyvbPml5AisqPQB3W.0;server=akswtt10200002f;cloudType=Consumer;environment=Prod_southindia_prod-s01-004-apac-southindia;migrationStage=NotStarted}
{"logTime": "0313/211749", "correlationVector":"pmXpOXG33Z0AiDdOZxngj+","action":"DoCompareDataConsistency requsted types: ", "result":"Bookmarks, Preferences, Passwords, Extensions, Extension settings, History Delete Directives, Send Tab To Self, Web Apps, History, Saved Tab Group, WebAuthn Credentials, Collection, Edge E Drop, Edge Wallet, Edge Workspace, Encryption Keys"}
{"logTime": "0313/211749", "correlationVector":"pmXpOXG33Z0AiDdOZxngj+.0","action":"CompareDataConsistency result: ", "result":"Compare result: Encryption Keys is consistent. local entities count is: 1 local entities hash is: 16wUspFPbhEJ2GvVAkciS4gyvNk="}
{"logTime": "0313/211749", "correlationVector":"pmXpOXG33Z0AiDdOZxngj+.1","action":"CompareDataConsistency result: ", "result":"Compare result: Bookmarks is consistent. local entities count is: 27 local entities hash is: vRYJUC7mTDZMqDiM5cO8EVWFYQ0="}
{"logTime": "0313/211749", "correlationVector":"pmXpOXG33Z0AiDdOZxngj+.2","action":"CompareDataConsistency result: ", "result":"Compare result: Preferences is consistent. local entities count is: 93 local entities hash is: SnKJkU7SGsSOT8c0wwm0Yyg27ww="}
{"logTime": "0313/211749", "correlationVector":"pmXpOXG33Z0AiDdOZxngj+.3","action":"CompareDataConsistency result: ", "result":"Compare result: Extensions is consistent. local entities count is: 5 local entities hash is: FZ7ueLFgKbkBlBwAc1+hMxMEJDk="}
{"logTime": "0313/211749", "correlationVector":"pmXpOXG33Z0AiDdOZxngj+.4","action":"CompareDataConsistency result: ", "result":"Compare result: Extension settings is consistent. local entities count is: 0 local entities hash is: "}
{"logTime": "0313/211749", "correlationVector":"pmXpOXG33Z0AiDdOZxngj+.5","action":"CompareDataConsistency result: ", "result":"Compare result: History Delete Directives is consistent. local entities count is: 0 local entities hash is: "}
{"logTime": "0313/211749", "correlationVector":"pmXpOXG33Z0AiDdOZxngj+.6","action":"CompareDataConsistency result: ", "result":"Server did not send this Send Tab To Self local entities count is: 0 local entities hash is: "}
{"logTime": "0313/211749", "correlationVector":"pmXpOXG33Z0AiDdOZxngj+.7","action":"CompareDataConsistency result: ", "result":"Compare result: Web Apps is consistent. local entities count is: 5 local entities hash is: BP/j1jW2cDQJxqmulAKOSI1CE9s="}
{"logTime": "0313/211749", "correlationVector":"pmXpOXG33Z0AiDdOZxngj+.8","action":"CompareDataConsistency result: ", "result":"Server did not send this History local entities count is: 0 local entities hash is: "}
{"logTime": "0313/211749", "correlationVector":"pmXpOXG33Z0AiDdOZxngj+.9","action":"CompareDataConsistency result: ", "result":"Compare result: Saved Tab Group is consistent. local entities count is: 0 local entities hash is: "}
{"logTime": "0313/211749", "correlationVector":"pmXpOXG33Z0AiDdOZxngj+.10","action":"CompareDataConsistency result: ", "result":"Server did not send this WebAuthn Credentials local entities count is: 0 local entities hash is: "}
{"logTime": "0313/211749", "correlationVector":"pmXpOXG33Z0AiDdOZxngj+.11","action":"CompareDataConsistency result: ", "result":"Compare result: Collection is consistent. local entities count is: 2 local entities hash is: gAeIyWGyKseYzOHkG6Oy6yIrOzg="}
{"logTime": "0313/211749", "correlationVector":"pmXpOXG33Z0AiDdOZxngj+.12","action":"CompareDataConsistency result: ", "result":"Compare result: Edge E Drop is consistent. local entities count is: 0 local entities hash is: "}
{"logTime": "0313/211749", "correlationVector":"pmXpOXG33Z0AiDdOZxngj+.13","action":"CompareDataConsistency result: ", "result":"Compare result: Edge Wallet is consistent. local entities count is: 0 local entities hash is: "}
{"logTime": "0313/211749", "correlationVector":"pmXpOXG33Z0AiDdOZxngj+.14","action":"CompareDataConsistency result: ", "result":"Server did not send this Edge Workspace local entities count is: 0 local entities hash is: "}
{"logTime": "0313/211749", "correlationVector":"pmXpOXG33Z0AiDdOZxngj+.15","action":"CompareDataConsistency result: ", "result":"Compare result: Passwords is consistent. local entities count is: 63 local entities hash is: 2X5HT5NfChJZrmf97ytjhg+4mCg="}
{"logTime": "0313/211749", "correlationVector":"EKuYQDdDjc0/oL/AWtA3qt","action":"Commit Request", "result":"", "context":Item count: 5
Contributing types: Sessions, Device Info, User Consents}
{"logTime": "0313/211750", "correlationVector":"EKuYQDdDjc0/oL/AWtA3qt.1","action":"SyncServerConnectionManagerRequest", "result":"SYNC_SERVER_OK", "context":{"environment":"Prod_southindia_prod-s01-004-apac-southindia", "migrationStage":"NotStarted", "server":"akswtt10200002u"}}
{"logTime": "0313/211750", "correlationVector":"EKuYQDdDjc0/oL/AWtA3qt.2","action":"Commit Response", "result":"Success", "context":Result: Success. cV=EKuYQDdDjc0/oL/AWtA3qt.0;server=akswtt10200002u;cloudType=Consumer;environment=Prod_southindia_prod-s01-004-apac-southindia;migrationStage=NotStarted}
{"logTime": "0313/211750", "correlationVector":"","action":"DIAGNOSTIC_REQUEST|v1/diagnosticData/Diagnostic.SendCheckResult()|SUCCESS", "result":""}
{"logTime": "0314/144414", "correlationVector":"WiN56hnzTp3QJTPOjPtKzZ.1","action":"SyncServerConnectionManagerRequest", "result":"SYNC_SERVER_OK", "context":{"environment":"Prod_southindia_prod-s01-004-apac-southindia", "migrationStage":"NotStarted", "server":"akswtt10200003s"}}
{"logTime": "0314/144414", "correlationVector":"WiN56hnzTp3QJTPOjPtKzZ.2","action":"ProcessGetUpdates", "result":"Done", "context":{"dataType":"Encryption Keys", "deleted":"0", "process_failed_to_decrypt":"0", "process_pending_decryption":"0", "process_success":"1", "total":"1"}}
{"logTime": "0314/144414", "correlationVector":"LdQnkEHue0TOmCCRCEkYIv","action":"SyncServerConnectionManagerRequest", "result":"SYNC_SERVER_OK", "context":{"environment":"", "migrationStage":"", "server":""}}
{"logTime": "0314/144414", "correlationVector":"LdQnkEHue0TOmCCRCEkYIv.0","action":"EncryptionKeysFetcher.DownloadKeys:", "result":"Success", "context":Key count: 8, Last key timestamp: 2025-11-04T07:16:51Z}
{"logTime": "0314/144414", "correlationVector":"LdQnkEHue0TOmCCRCEkYIv.1","action":"EncryptionKeysManager::SetEncryptionKeys:", "result":"Success", "context":Key names[8]:[oDFwR2PQEJcU5fw7UAw2x90RPhjjqmpl08XfpDGWeUrGodqZUe5Oq9S2l4YtQ5FnwZwPHHh4XRDPbjpWZxIY6g==][g0JD2/hMMvDK5l41FaU6biMp0dinFv3fpsqrV6gLkSu34EkMbEPCnAXu//cSkZgdfnxQF4iYk89BLb+a03DFLw==][JulyrnvyCqrxikbOgNOKZmGPs4fJ025CoeDTrhn5DnrT4Cf0PHd/dA5vHkV0hQsiOaCrJ20zM03nzVHpdb1vyA==][DYUZDBqETF8qNbopXacwYJ0LWLrA+G7CfBRldDWzjnSLigIcXRbY8HYE5aus1SqRk5FXk+QmTFZxT9bWrY10bA==][YNxgmLghHjsBJjM9eLymM4miNvdICn+ni4LbFioegYNTF5+fmbfNBKAtTzrKebF0RVkIhptjo+L5OEiuWre5Ug==][x0qlr5QINZ3dkHB7J6lDnjv2nQm8TEoShTSua19RzOqbKpLfxoJLHvRQe2rzpItcNUpMmkaKWwkrsEWbb1N2eg==][qU8nKkygrcmCR5fziBLwyFsbCBxN5lhIV3I+VO91gWZZ0qfws4kweEbOovS2qSKcGJ1zm9oXFPZahqcbiHgvLA==][mtwN1w04vWkcxH4RhE9SoUDK388It2YGCAG7+KzTFr3QYFuobR9aSZXenTbleg8NXKonDwD7l+FmEBgIcjDtpA==]}
{"logTime": "0314/144414", "correlationVector":"LdQnkEHue0TOmCCRCEkYIv.2","action":"EncryptionKeysManager::SetEncryptionKeysWithTimestamps:", "result":"Success", "context":Key timestamps[8]:[2022-05-18T07:25:27Z][2022-11-14T16:55:47Z][2023-05-14T15:53:00Z][2023-11-10T19:54:44Z][2024-05-08T21:21:09Z][2024-11-05T18:52:02Z][2025-05-07T11:01:44Z][2025-11-04T07:16:51Z]}
{"logTime": "0314/144414", "correlationVector":"WiN56hnzTp3QJTPOjPtKzZ","action":"Initial GetUpdates", "result":"", "context":Reason: NEW_CLIENT. cV=WiN56hnzTp3QJTPOjPtKzZ}
{"logTime": "0314/144414", "correlationVector":"WiN56hnzTp3QJTPOjPtKzZ.3","action":"GetUpdates Response", "result":"Success", "context":Received 1 update(s). cV=WiN56hnzTp3QJTPOjPtKzZ.0;server=akswtt10200003s;cloudType=Consumer;environment=Prod_southindia_prod-s01-004-apac-southindia;migrationStage=NotStarted}
{"logTime": "0314/144414", "correlationVector":"Z2khnUY0BWzA4UmAobiR/I","action":"Initial GetUpdates", "result":"", "context":Reason: NEWLY_SUPPORTED_DATATYPE. cV=Z2khnUY0BWzA4UmAobiR/I}
{"logTime": "0314/144415", "correlationVector":"Z2khnUY0BWzA4UmAobiR/I.1","action":"SyncServerConnectionManagerRequest", "result":"SYNC_SERVER_OK", "context":{"environment":"Prod_southindia_prod-s01-004-apac-southindia", "migrationStage":"NotStarted", "server":"akswtt10200002k"}}
{"logTime": "0314/144415", "correlationVector":"Z2khnUY0BWzA4UmAobiR/I.2","action":"ProcessGetUpdates", "result":"Done", "context":{"dataType":"Passwords", "deleted":"0", "process_failed_to_decrypt":"0", "process_pending_decryption":"0", "process_success":"63", "total":"63"}}
{"logTime": "0314/144415", "correlationVector":"Z2khnUY0BWzA4UmAobiR/I.3","action":"GetUpdates Response", "result":"Success", "context":Received 63 update(s). cV=Z2khnUY0BWzA4UmAobiR/I.0;server=akswtt10200002k;cloudType=Consumer;environment=Prod_southindia_prod-s01-004-apac-southindia;migrationStage=NotStarted}
{"logTime": "0314/144415", "correlationVector":"0vRjmAICQSsU1hJLfkwmpz","action":"Normal GetUpdate request", "result":"", "context":cV=0vRjmAICQSsU1hJLfkwmpz
Nudged types: Preferences, Sessions, Device Info, History
Refresh requested types: Bookmarks, Preferences, Passwords, Autofill Profiles, Autofill, Extensions, Sessions, Extension settings, History Delete Directives, Device Info, User Consents, Send Tab To Self, Web Apps, History, Saved Tab Group, WebAuthn Credentials, Collection, Edge E Drop, Edge Hub App Usage, Edge Wallet, Edge Workspace, Encryption Keys}
{"logTime": "0314/144415", "correlationVector":"0vRjmAICQSsU1hJLfkwmpz.1","action":"SyncServerConnectionManagerRequest", "result":"SYNC_SERVER_OK", "context":{"environment":"Prod_southindia_prod-s01-004-apac-southindia", "migrationStage":"NotStarted", "server":"akswtt10200002u"}}
{"logTime": "0314/144415", "correlationVector":"0vRjmAICQSsU1hJLfkwmpz.2","action":"ProcessGetUpdates", "result":"Done", "context":{"dataType":"Sessions", "deleted":"0", "process_failed_to_decrypt":"0", "process_pending_decryption":"0", "process_success":"2", "total":"2"}}
{"logTime": "0314/144415", "correlationVector":"0vRjmAICQSsU1hJLfkwmpz.3","action":"ProcessGetUpdates", "result":"Done", "context":{"dataType":"Device Info", "deleted":"0", "process_failed_to_decrypt":"0", "process_pending_decryption":"0", "process_success":"1", "total":"1"}}
{"logTime": "0314/144415", "correlationVector":"0vRjmAICQSsU1hJLfkwmpz.4","action":"GetUpdates Response", "result":"Success", "context":Received 3 update(s). cV=0vRjmAICQSsU1hJLfkwmpz.0;server=akswtt10200002u;cloudType=Consumer;environment=Prod_southindia_prod-s01-004-apac-southindia;migrationStage=NotStarted}
{"logTime": "0314/144415", "correlationVector":"mGYXdH88qhO43PTeYjipZ2","action":"Commit Request", "result":"", "context":Item count: 10
Contributing types: Preferences, Sessions, Device Info, History}
{"logTime": "0314/144417", "correlationVector":"mGYXdH88qhO43PTeYjipZ2.1","action":"SyncServerConnectionManagerRequest", "result":"SYNC_SERVER_OK", "context":{"environment":"Prod_southindia_prod-s01-004-apac-southindia", "migrationStage":"NotStarted", "server":"akswtt10200002u"}}
{"logTime": "0314/144417", "correlationVector":"mGYXdH88qhO43PTeYjipZ2.3","action":"Commit.Sessions", "result":"Success", "context":{"id":"b8514787-71bb-44ef-a84f-6dc053a4c833", "isDeleted":"true", "size":"0", "version":"1773436670167"}}
{"logTime": "0314/144417", "correlationVector":"mGYXdH88qhO43PTeYjipZ2.2","action":"Commit Response", "result":"Success", "context":Result: Success. cV=mGYXdH88qhO43PTeYjipZ2.0;server=akswtt10200002u;cloudType=Consumer;environment=Prod_southindia_prod-s01-004-apac-southindia;migrationStage=NotStarted}
{"logTime": "0314/144417", "correlationVector":"OVq91P/hjiOVa3A5CTKXlB","action":"Poll GetUpdate request", "result":"", "context":cV=OVq91P/hjiOVa3A5CTKXlB}
{"logTime": "0314/144417", "correlationVector":"OVq91P/hjiOVa3A5CTKXlB.1","action":"SyncServerConnectionManagerRequest", "result":"SYNC_SERVER_OK", "context":{"environment":"Prod_southindia_prod-s01-004-apac-southindia", "migrationStage":"NotStarted", "server":"akswtt102000042"}}
{"logTime": "0314/144417", "correlationVector":"OVq91P/hjiOVa3A5CTKXlB.2","action":"ProcessGetUpdates", "result":"Done", "context":{"dataType":"Preferences", "deleted":"0", "process_failed_to_decrypt":"0", "process_pending_decryption":"0", "process_success":"4", "total":"4"}}
{"logTime": "0314/144417", "correlationVector":"OVq91P/hjiOVa3A5CTKXlB.3","action":"ProcessGetUpdates", "result":"Done", "context":{"dataType":"Sessions", "deleted":"1", "process_failed_to_decrypt":"0", "process_pending_decryption":"0", "process_success":"3", "total":"3"}}
{"logTime": "0314/144417", "correlationVector":"OVq91P/hjiOVa3A5CTKXlB.4","action":"ProcessGetUpdates", "result":"Done", "context":{"dataType":"Device Info", "deleted":"0", "process_failed_to_decrypt":"0", "process_pending_decryption":"0", "process_success":"1", "total":"1"}}
{"logTime": "0314/144417", "correlationVector":"OVq91P/hjiOVa3A5CTKXlB.5","action":"ProcessGetUpdates", "result":"Done", "context":{"dataType":"History", "deleted":"0", "process_failed_to_decrypt":"0", "process_pending_decryption":"0", "process_success":"2", "total":"2"}}
{"logTime": "0314/144417", "correlationVector":"OVq91P/hjiOVa3A5CTKXlB.6","action":"GetUpdates Response", "result":"Success", "context":Received 10 update(s). cV=OVq91P/hjiOVa3A5CTKXlB.0;server=akswtt102000042;cloudType=Consumer;environment=Prod_southindia_prod-s01-004-apac-southindia;migrationStage=NotStarted}
{"logTime": "0314/144437", "correlationVector":"ip2uavzfA8Jpu6LDnXDKFz","action":"Commit Request", "result":"", "context":Item count: 2
Contributing types: Preferences, Sessions}
{"logTime": "0314/144438", "correlationVector":"ip2uavzfA8Jpu6LDnXDKFz.1","action":"SyncServerConnectionManagerRequest", "result":"SYNC_SERVER_OK", "context":{"environment":"Prod_southindia_prod-s01-004-apac-southindia", "migrationStage":"NotStarted", "server":"akswtt10200002u"}}
{"logTime": "0314/144438", "correlationVector":"ip2uavzfA8Jpu6LDnXDKFz.2","action":"Commit Response", "result":"Success", "context":Result: Success. cV=ip2uavzfA8Jpu6LDnXDKFz.0;server=akswtt10200002u;cloudType=Consumer;environment=Prod_southindia_prod-s01-004-apac-southindia;migrationStage=NotStarted}
{"logTime": "0314/144505", "correlationVector":"KGsZHu08gQzAVIV26qyNp5","action":"Commit Request", "result":"", "context":Item count: 38
Contributing types: Passwords}
{"logTime": "0314/144508", "correlationVector":"KGsZHu08gQzAVIV26qyNp5.1","action":"SyncServerConnectionManagerRequest", "result":"SYNC_SERVER_OK", "context":{"environment":"Prod_southindia_prod-s01-004-apac-southindia", "migrationStage":"NotStarted", "server":"akswtt102000005"}}
{"logTime": "0314/144508", "correlationVector":"KGsZHu08gQzAVIV26qyNp5.2","action":"Commit Response", "result":"Success", "context":Result: Success. cV=KGsZHu08gQzAVIV26qyNp5.0;server=akswtt102000005;cloudType=Consumer;environment=Prod_southindia_prod-s01-004-apac-southindia;migrationStage=NotStarted}
{"logTime": "0314/145900", "correlationVector":"LrIfEKI8kpb94d66HOX6P4","action":"Commit Request", "result":"", "context":Item count: 1
Contributing types: Sessions}
{"logTime": "0314/145901", "correlationVector":"LrIfEKI8kpb94d66HOX6P4.1","action":"SyncServerConnectionManagerRequest", "result":"SYNC_SERVER_OK", "context":{"environment":"Prod_southindia_prod-s01-004-apac-southindia", "migrationStage":"NotStarted", "server":"akswtt102000012"}}
{"logTime": "0314/145901", "correlationVector":"LrIfEKI8kpb94d66HOX6P4.2","action":"Commit Response", "result":"Success", "context":Result: Success. cV=LrIfEKI8kpb94d66HOX6P4.0;server=akswtt102000012;cloudType=Consumer;environment=Prod_southindia_prod-s01-004-apac-southindia;migrationStage=NotStarted}
{"logTime": "0314/150009", "correlationVector":"JtsAF6xMzVITXbZVhH/5q8","action":"Commit Request", "result":"", "context":Item count: 1
Contributing types: Sessions}
{"logTime": "0314/150009", "correlationVector":"JtsAF6xMzVITXbZVhH/5q8.1","action":"SyncServerConnectionManagerRequest", "result":"SYNC_SERVER_OK", "context":{"environment":"Prod_southindia_prod-s01-004-apac-southindia", "migrationStage":"NotStarted", "server":"akswtt10200002r"}}
{"logTime": "0314/150009", "correlationVector":"JtsAF6xMzVITXbZVhH/5q8.2","action":"Commit Response", "result":"Success", "context":Result: Success. cV=JtsAF6xMzVITXbZVhH/5q8.0;server=akswtt10200002r;cloudType=Consumer;environment=Prod_southindia_prod-s01-004-apac-southindia;migrationStage=NotStarted}
{"logTime": "0314/155507", "correlationVector":"fmI8hZTYlp1AeqEZc/Kow1","action":"Commit Request", "result":"", "context":Item count: 2
Contributing types: Sessions, Device Info}
{"logTime": "0314/155508", "correlationVector":"fmI8hZTYlp1AeqEZc/Kow1.1","action":"SyncServerConnectionManagerRequest", "result":"SYNC_SERVER_OK", "context":{"environment":"Prod_southindia_prod-s01-004-apac-southindia", "migrationStage":"NotStarted", "server":"akswtt102000042"}}
{"logTime": "0314/155508", "correlationVector":"fmI8hZTYlp1AeqEZc/Kow1.2","action":"Commit Response", "result":"Success", "context":Result: Success. cV=fmI8hZTYlp1AeqEZc/Kow1.0;server=akswtt102000042;cloudType=Consumer;environment=Prod_southindia_prod-s01-004-apac-southindia;migrationStage=NotStarted}
{"logTime": "0314/155629", "correlationVector":"uH52923j8becvmlFBOptfC","action":"Commit Request", "result":"", "context":Item count: 3
Contributing types: Sessions, History}
{"logTime": "0314/155630", "correlationVector":"uH52923j8becvmlFBOptfC.1","action":"SyncServerConnectionManagerRequest", "result":"SYNC_SERVER_OK", "context":{"environment":"Prod_southindia_prod-s01-004-apac-southindia", "migrationStage":"NotStarted", "server":"akswtt102000039"}}
{"logTime": "0314/155630", "correlationVector":"uH52923j8becvmlFBOptfC.2","action":"Commit Response", "result":"Success", "context":Result: Success. cV=uH52923j8becvmlFBOptfC.0;server=akswtt102000039;cloudType=Consumer;environment=Prod_southindia_prod-s01-004-apac-southindia;migrationStage=NotStarted}
{"logTime": "0314/155854", "correlationVector":"DBN0ofJmis83T+dfyxaH33","action":"Commit Request", "result":"", "context":Item count: 1
Contributing types: Sessions}
{"logTime": "0314/155854", "correlationVector":"DBN0ofJmis83T+dfyxaH33.1","action":"SyncServerConnectionManagerRequest", "result":"SYNC_SERVER_OK", "context":{"environment":"Prod_southindia_prod-s01-004-apac-southindia", "migrationStage":"NotStarted", "server":"akswtt102000035"}}
{"logTime": "0314/155854", "correlationVector":"DBN0ofJmis83T+dfyxaH33.2","action":"Commit Response", "result":"Success", "context":Result: Success. cV=DBN0ofJmis83T+dfyxaH33.0;server=akswtt102000035;cloudType=Consumer;environment=Prod_southindia_prod-s01-004-apac-southindia;migrationStage=NotStarted}
{"logTime": "0314/160546", "correlationVector":"xvOHmrxzh2TLhslJecfEFu","action":"Commit Request", "result":"", "context":Item count: 1
Contributing types: Sessions}
{"logTime": "0314/160547", "correlationVector":"xvOHmrxzh2TLhslJecfEFu.1","action":"SyncServerConnectionManagerRequest", "result":"SYNC_SERVER_OK", "context":{"environment":"Prod_southindia_prod-s01-004-apac-southindia", "migrationStage":"NotStarted", "server":"akswtt10200002r"}}
{"logTime": "0314/160547", "correlationVector":"xvOHmrxzh2TLhslJecfEFu.2","action":"Commit Response", "result":"Success", "context":Result: Success. cV=xvOHmrxzh2TLhslJecfEFu.0;server=akswtt10200002r;cloudType=Consumer;environment=Prod_southindia_prod-s01-004-apac-southindia;migrationStage=NotStarted}
{"logTime": "0314/160625", "correlationVector":"ByyYQvy9fM29MrqiwdIU4Z","action":"Commit Request", "result":"", "context":Item count: 1
Contributing types: Device Info}
{"logTime": "0314/160626", "correlationVector":"ByyYQvy9fM29MrqiwdIU4Z.1","action":"SyncServerConnectionManagerRequest", "result":"SYNC_SERVER_OK", "context":{"environment":"Prod_southindia_prod-s01-004-apac-southindia", "migrationStage":"NotStarted", "server":"akswtt10200002j"}}
{"logTime": "0314/160626", "correlationVector":"ByyYQvy9fM29MrqiwdIU4Z.2","action":"Commit Response", "result":"Success", "context":Result: Success. cV=ByyYQvy9fM29MrqiwdIU4Z.0;server=akswtt10200002j;cloudType=Consumer;environment=Prod_southindia_prod-s01-004-apac-southindia;migrationStage=NotStarted}
{"logTime": "0314/160712", "correlationVector":"A4dfMBugi3xeweJoTq8B1z","action":"Commit Request", "result":"", "context":Item count: 1
Contributing types: Device Info}
{"logTime": "0314/160713", "correlationVector":"A4dfMBugi3xeweJoTq8B1z.1","action":"SyncServerConnectionManagerRequest", "result":"SYNC_SERVER_OK", "context":{"environment":"Prod_southindia_prod-s01-004-apac-southindia", "migrationStage":"NotStarted", "server":"akswtt10200002e"}}
{"logTime": "0314/160713", "correlationVector":"A4dfMBugi3xeweJoTq8B1z.2","action":"Commit Response", "result":"Success", "context":Result: Success. cV=A4dfMBugi3xeweJoTq8B1z.0;server=akswtt10200002e;cloudType=Consumer;environment=Prod_southindia_prod-s01-004-apac-southindia;migrationStage=NotStarted}
{"logTime": "0314/161123", "correlationVector":"k9yFGlcYYYA9K502p7gj1V","action":"Commit Request", "result":"", "context":Item count: 1
Contributing types: Device Info}
{"logTime": "0314/161124", "correlationVector":"k9yFGlcYYYA9K502p7gj1V.1","action":"SyncServerConnectionManagerRequest", "result":"SYNC_SERVER_OK", "context":{"environment":"Prod_southindia_prod-s01-004-apac-southindia", "migrationStage":"NotStarted", "server":"akswtt10200003s"}}
{"logTime": "0314/161124", "correlationVector":"k9yFGlcYYYA9K502p7gj1V.2","action":"Commit Response", "result":"Success", "context":Result: Success. cV=k9yFGlcYYYA9K502p7gj1V.0;server=akswtt10200003s;cloudType=Consumer;environment=Prod_southindia_prod-s01-004-apac-southindia;migrationStage=NotStarted}
{"logTime": "0314/174446", "correlationVector":"LUfmp4Mth7RoYLzjQCKkNQ","action":"Commit Request", "result":"", "context":Item count: 1
Contributing types: Device Info}
{"logTime": "0314/174447", "correlationVector":"LUfmp4Mth7RoYLzjQCKkNQ.1","action":"SyncServerConnectionManagerRequest", "result":"SYNC_SERVER_OK", "context":{"environment":"Prod_southindia_prod-s01-004-apac-southindia", "migrationStage":"NotStarted", "server":"akswtt102000040"}}
{"logTime": "0314/174447", "correlationVector":"LUfmp4Mth7RoYLzjQCKkNQ.2","action":"Commit Response", "result":"Success", "context":Result: Success. cV=LUfmp4Mth7RoYLzjQCKkNQ.0;server=akswtt102000040;cloudType=Consumer;environment=Prod_southindia_prod-s01-004-apac-southindia;migrationStage=NotStarted}
{"logTime": "0314/174532", "correlationVector":"1MDjHLzmC8E/JfpmHjjGpz","action":"Commit Request", "result":"", "context":Item count: 1
Contributing types: Device Info}
{"logTime": "0314/174533", "correlationVector":"1MDjHLzmC8E/JfpmHjjGpz.1","action":"SyncServerConnectionManagerRequest", "result":"SYNC_SERVER_OK", "context":{"environment":"Prod_southindia_prod-s01-004-apac-southindia", "migrationStage":"NotStarted", "server":"akswtt10200002u"}}
{"logTime": "0314/174533", "correlationVector":"1MDjHLzmC8E/JfpmHjjGpz.2","action":"Commit Response", "result":"Success", "context":Result: Success. cV=1MDjHLzmC8E/JfpmHjjGpz.0;server=akswtt10200002u;cloudType=Consumer;environment=Prod_southindia_prod-s01-004-apac-southindia;migrationStage=NotStarted}
{"logTime": "0314/174945", "correlationVector":"xyVvWxiHfiTznY4u64qnW0","action":"Commit Request", "result":"", "context":Item count: 1
Contributing types: Device Info}
{"logTime": "0314/174946", "correlationVector":"xyVvWxiHfiTznY4u64qnW0.1","action":"SyncServerConnectionManagerRequest", "result":"SYNC_SERVER_OK", "context":{"environment":"Prod_southindia_prod-s01-004-apac-southindia", "migrationStage":"NotStarted", "server":"akswtt102000047"}}
{"logTime": "0314/174946", "correlationVector":"xyVvWxiHfiTznY4u64qnW0.2","action":"Commit Response", "result":"Success", "context":Result: Success. cV=xyVvWxiHfiTznY4u64qnW0.0;server=akswtt102000047;cloudType=Consumer;environment=Prod_southindia_prod-s01-004-apac-southindia;migrationStage=NotStarted}
{"logTime": "0314/175139", "correlationVector":"iKfk3qACOJM2qU2ZXAe90H","action":"Commit Request", "result":"", "context":Item count: 1
Contributing types: Device Info}
{"logTime": "0314/175139", "correlationVector":"iKfk3qACOJM2qU2ZXAe90H.1","action":"SyncServerConnectionManagerRequest", "result":"SYNC_SERVER_OK", "context":{"environment":"Prod_southindia_prod-s01-004-apac-southindia", "migrationStage":"NotStarted", "server":"akswtt10200003r"}}
{"logTime": "0314/175139", "correlationVector":"iKfk3qACOJM2qU2ZXAe90H.2","action":"Commit Response", "result":"Success", "context":Result: Success. cV=iKfk3qACOJM2qU2ZXAe90H.0;server=akswtt10200003r;cloudType=Consumer;environment=Prod_southindia_prod-s01-004-apac-southindia;migrationStage=NotStarted}
{"logTime": "0314/175440", "correlationVector":"vA7GLAR8cyadAV4ViSOpJJ","action":"Commit Request", "result":"", "context":Item count: 1
Contributing types: Device Info}
{"logTime": "0314/175441", "correlationVector":"vA7GLAR8cyadAV4ViSOpJJ.1","action":"SyncServerConnectionManagerRequest", "result":"SYNC_SERVER_OK", "context":{"environment":"Prod_southindia_prod-s01-004-apac-southindia", "migrationStage":"NotStarted", "server":"akswtt10200002d"}}
{"logTime": "0314/175441", "correlationVector":"vA7GLAR8cyadAV4ViSOpJJ.2","action":"Commit Response", "result":"Success", "context":Result: Success. cV=vA7GLAR8cyadAV4ViSOpJJ.0;server=akswtt10200002d;cloudType=Consumer;environment=Prod_southindia_prod-s01-004-apac-southindia;migrationStage=NotStarted}
{"logTime": "0314/175638", "correlationVector":"f03YD9OyIv9ARw+ziZ5knt","action":"Commit Request", "result":"", "context":Item count: 1
Contributing types: Device Info}
{"logTime": "0314/175639", "correlationVector":"f03YD9OyIv9ARw+ziZ5knt.1","action":"SyncServerConnectionManagerRequest", "result":"SYNC_SERVER_OK", "context":{"environment":"Prod_southindia_prod-s01-004-apac-southindia", "migrationStage":"NotStarted", "server":"akswtt10200002x"}}
{"logTime": "0314/175639", "correlationVector":"f03YD9OyIv9ARw+ziZ5knt.2","action":"Commit Response", "result":"Success", "context":Result: Success. cV=f03YD9OyIv9ARw+ziZ5knt.0;server=akswtt10200002x;cloudType=Consumer;environment=Prod_southindia_prod-s01-004-apac-southindia;migrationStage=NotStarted}
{"logTime": "0314/183139", "correlationVector":"OvuevHlrCXwptXJYnXrPq8","action":"Commit Request", "result":"", "context":Item count: 1
Contributing types: Device Info}
{"logTime": "0314/183140", "correlationVector":"OvuevHlrCXwptXJYnXrPq8.1","action":"SyncServerConnectionManagerRequest", "result":"SYNC_SERVER_OK", "context":{"environment":"Prod_southindia_prod-s01-004-apac-southindia", "migrationStage":"NotStarted", "server":"akswtt102000047"}}
{"logTime": "0314/183140", "correlationVector":"OvuevHlrCXwptXJYnXrPq8.2","action":"Commit Response", "result":"Success", "context":Result: Success. cV=OvuevHlrCXwptXJYnXrPq8.0;server=akswtt102000047;cloudType=Consumer;environment=Prod_southindia_prod-s01-004-apac-southindia;migrationStage=NotStarted}
{"logTime": "0314/183229", "correlationVector":"eFx9oSQnK7e9STOv3A29iI","action":"Commit Request", "result":"", "context":Item count: 1
Contributing types: Device Info}
{"logTime": "0314/183230", "correlationVector":"eFx9oSQnK7e9STOv3A29iI.1","action":"SyncServerConnectionManagerRequest", "result":"SYNC_SERVER_OK", "context":{"environment":"Prod_southindia_prod-s01-004-apac-southindia", "migrationStage":"NotStarted", "server":"akswtt102000047"}}
{"logTime": "0314/183230", "correlationVector":"eFx9oSQnK7e9STOv3A29iI.2","action":"Commit Response", "result":"Success", "context":Result: Success. cV=eFx9oSQnK7e9STOv3A29iI.0;server=akswtt102000047;cloudType=Consumer;environment=Prod_southindia_prod-s01-004-apac-southindia;migrationStage=NotStarted}
{"logTime": "0314/183638", "correlationVector":"XMIiAyUnO3UhTfz10j1eLj","action":"Commit Request", "result":"", "context":Item count: 1
Contributing types: Device Info}
{"logTime": "0314/183640", "correlationVector":"XMIiAyUnO3UhTfz10j1eLj.1","action":"SyncServerConnectionManagerRequest", "result":"SYNC_SERVER_OK", "context":{"environment":"Prod_southindia_prod-s01-004-apac-southindia", "migrationStage":"NotStarted", "server":"akswtt10200002e"}}
{"logTime": "0314/183640", "correlationVector":"XMIiAyUnO3UhTfz10j1eLj.2","action":"Commit Response", "result":"Success", "context":Result: Success. cV=XMIiAyUnO3UhTfz10j1eLj.0;server=akswtt10200002e;cloudType=Consumer;environment=Prod_southindia_prod-s01-004-apac-southindia;migrationStage=NotStarted}
{"logTime": "0314/183857", "correlationVector":"jtnVBXtHRHmXg3ce/LO+ox","action":"Commit Request", "result":"", "context":Item count: 1
Contributing types: Device Info}
{"logTime": "0314/183859", "correlationVector":"jtnVBXtHRHmXg3ce/LO+ox.1","action":"SyncServerConnectionManagerRequest", "result":"SYNC_SERVER_OK", "context":{"environment":"Prod_southindia_prod-s01-004-apac-southindia", "migrationStage":"NotStarted", "server":"akswtt102000012"}}
{"logTime": "0314/183859", "correlationVector":"jtnVBXtHRHmXg3ce/LO+ox.2","action":"Commit Response", "result":"Success", "context":Result: Success. cV=jtnVBXtHRHmXg3ce/LO+ox.0;server=akswtt102000012;cloudType=Consumer;environment=Prod_southindia_prod-s01-004-apac-southindia;migrationStage=NotStarted}
{"logTime": "0314/184157", "correlationVector":"S/YZpIs4QPpYMnoPNb+16/","action":"Commit Request", "result":"", "context":Item count: 1
Contributing types: Device Info}
{"logTime": "0314/184158", "correlationVector":"S/YZpIs4QPpYMnoPNb+16/.1","action":"SyncServerConnectionManagerRequest", "result":"SYNC_SERVER_OK", "context":{"environment":"Prod_southindia_prod-s01-004-apac-southindia", "migrationStage":"NotStarted", "server":"akswtt10200003s"}}
{"logTime": "0314/184158", "correlationVector":"S/YZpIs4QPpYMnoPNb+16/.2","action":"Commit Response", "result":"Success", "context":Result: Success. cV=S/YZpIs4QPpYMnoPNb+16/.0;server=akswtt10200003s;cloudType=Consumer;environment=Prod_southindia_prod-s01-004-apac-southindia;migrationStage=NotStarted}
{"logTime": "0314/184355", "correlationVector":"2twCM7d+MMNAy7UGv8K5Wt","action":"Commit Request", "result":"", "context":Item count: 1
Contributing types: Device Info}
{"logTime": "0314/184356", "correlationVector":"2twCM7d+MMNAy7UGv8K5Wt.1","action":"SyncServerConnectionManagerRequest", "result":"SYNC_SERVER_OK", "context":{"environment":"Prod_southindia_prod-s01-004-apac-southindia", "migrationStage":"NotStarted", "server":"akswtt102000035"}}
{"logTime": "0314/184356", "correlationVector":"2twCM7d+MMNAy7UGv8K5Wt.2","action":"Commit Response", "result":"Success", "context":Result: Success. cV=2twCM7d+MMNAy7UGv8K5Wt.0;server=akswtt102000035;cloudType=Consumer;environment=Prod_southindia_prod-s01-004-apac-southindia;migrationStage=NotStarted}
{"logTime": "0314/233627", "correlationVector":"259DzuoemiiMUo1p7yg9q1","action":"Commit Request", "result":"", "context":Item count: 1
Contributing types: Sessions}
{"logTime": "0314/233628", "correlationVector":"259DzuoemiiMUo1p7yg9q1.1","action":"SyncServerConnectionManagerRequest", "result":"SYNC_AUTH_ERROR", "context":{"environment":"Prod_southindia_prod-s01-004-apac-southindia", "migrationStage":"NotStarted", "server":"akswtt10200002e"}}
{"logTime": "0314/233628", "correlationVector":"259DzuoemiiMUo1p7yg9q1.2","action":"Commit Response", "result":"HTTP error (401)", "context":Result: HTTP error (401). cV=259DzuoemiiMUo1p7yg9q1.0;server=akswtt10200002e;cloudType=Undetermined;environment=Prod_southindia_prod-s01-004-apac-southindia;migrationStage=NotStarted}
{"logTime": "0314/233631", "correlationVector":"W6EYBXYAGSMkGM7c2Uk7aD","action":"Commit Request", "result":"", "context":Item count: 1
Contributing types: Sessions}
{"logTime": "0314/233632", "correlationVector":"W6EYBXYAGSMkGM7c2Uk7aD.1","action":"SyncServerConnectionManagerRequest", "result":"SYNC_SERVER_OK", "context":{"environment":"Prod_southindia_prod-s01-004-apac-southindia", "migrationStage":"NotStarted", "server":"akswtt10200002i"}}
{"logTime": "0314/233632", "correlationVector":"W6EYBXYAGSMkGM7c2Uk7aD.2","action":"Commit Response", "result":"Success", "context":Result: Success. cV=W6EYBXYAGSMkGM7c2Uk7aD.0;server=akswtt10200002i;cloudType=Consumer;environment=Prod_southindia_prod-s01-004-apac-southindia;migrationStage=NotStarted}
{"logTime": "0314/233632", "correlationVector":"LY3MxXR7AxNR1NEovm4mi/","action":"Commit Request", "result":"", "context":Item count: 1
Contributing types: Device Info}
{"logTime": "0314/233633", "correlationVector":"LY3MxXR7AxNR1NEovm4mi/.1","action":"SyncServerConnectionManagerRequest", "result":"SYNC_SERVER_OK", "context":{"environment":"Prod_southindia_prod-s01-004-apac-southindia", "migrationStage":"NotStarted", "server":"akswtt102000047"}}
{"logTime": "0314/233633", "correlationVector":"LY3MxXR7AxNR1NEovm4mi/.2","action":"Commit Response", "result":"Success", "context":Result: Success. cV=LY3MxXR7AxNR1NEovm4mi/.0;server=akswtt102000047;cloudType=Consumer;environment=Prod_southindia_prod-s01-004-apac-southindia;migrationStage=NotStarted}
{"logTime": "0314/233633", "correlationVector":"y4FHkXrZA+FUycLcKeFHHi","action":"Poll GetUpdate request", "result":"", "context":cV=y4FHkXrZA+FUycLcKeFHHi}
{"logTime": "0314/233633", "correlationVector":"y4FHkXrZA+FUycLcKeFHHi.1","action":"SyncServerConnectionManagerRequest", "result":"SYNC_SERVER_OK", "context":{"environment":"Prod_southindia_prod-s01-004-apac-southindia", "migrationStage":"NotStarted", "server":"akswtt10200002i"}}
{"logTime": "0314/233633", "correlationVector":"y4FHkXrZA+FUycLcKeFHHi.2","action":"ProcessGetUpdates", "result":"Done", "context":{"dataType":"Preferences", "deleted":"0", "process_failed_to_decrypt":"0", "process_pending_decryption":"0", "process_success":"1", "total":"1"}}
{"logTime": "0314/233633", "correlationVector":"y4FHkXrZA+FUycLcKeFHHi.3","action":"ProcessGetUpdates", "result":"Done", "context":{"dataType":"Passwords", "deleted":"0", "process_failed_to_decrypt":"0", "process_pending_decryption":"0", "process_success":"38", "total":"38"}}
{"logTime": "0314/233633", "correlationVector":"y4FHkXrZA+FUycLcKeFHHi.4","action":"ProcessGetUpdates", "result":"Done", "context":{"dataType":"Sessions", "deleted":"0", "process_failed_to_decrypt":"0", "process_pending_decryption":"0", "process_success":"1", "total":"1"}}
{"logTime": "0314/233633", "correlationVector":"y4FHkXrZA+FUycLcKeFHHi.5","action":"ProcessGetUpdates", "result":"Done", "context":{"dataType":"Device Info", "deleted":"0", "process_failed_to_decrypt":"0", "process_pending_decryption":"0", "process_success":"1", "total":"1"}}
{"logTime": "0314/233633", "correlationVector":"y4FHkXrZA+FUycLcKeFHHi.6","action":"ProcessGetUpdates", "result":"Done", "context":{"dataType":"History", "deleted":"0", "process_failed_to_decrypt":"0", "process_pending_decryption":"0", "process_success":"2", "total":"2"}}
{"logTime": "0314/233633", "correlationVector":"y4FHkXrZA+FUycLcKeFHHi.7","action":"GetUpdates Response", "result":"Success", "context":Received 43 update(s). cV=y4FHkXrZA+FUycLcKeFHHi.0;server=akswtt10200002i;cloudType=Consumer;environment=Prod_southindia_prod-s01-004-apac-southindia;migrationStage=NotStarted}
{"logTime": "0314/233758", "correlationVector":"0l1J8lneJtusvZHGKlGgik","action":"Commit Request", "result":"", "context":Item count: 1
Contributing types: Sessions}
{"logTime": "0314/233758", "correlationVector":"0l1J8lneJtusvZHGKlGgik.1","action":"SyncServerConnectionManagerRequest", "result":"SYNC_SERVER_OK", "context":{"environment":"Prod_southindia_prod-s01-004-apac-southindia", "migrationStage":"NotStarted", "server":"akswtt10200004k"}}
{"logTime": "0314/233758", "correlationVector":"0l1J8lneJtusvZHGKlGgik.2","action":"Commit Response", "result":"Success", "context":Result: Success. cV=0l1J8lneJtusvZHGKlGgik.0;server=akswtt10200004k;cloudType=Consumer;environment=Prod_southindia_prod-s01-004-apac-southindia;migrationStage=NotStarted}
{"logTime": "0315/000559", "correlationVector":"ukitr9cQE/AsiSoOyRetd3","action":"Commit Request", "result":"", "context":Item count: 1
Contributing types: Sessions}
{"logTime": "0315/000559", "correlationVector":"ukitr9cQE/AsiSoOyRetd3.1","action":"SyncServerConnectionManagerRequest", "result":"SYNC_SERVER_OK", "context":{"environment":"Prod_southindia_prod-s01-004-apac-southindia", "migrationStage":"NotStarted", "server":"akswtt10200004b"}}
{"logTime": "0315/000559", "correlationVector":"ukitr9cQE/AsiSoOyRetd3.2","action":"Commit Response", "result":"Success", "context":Result: Success. cV=ukitr9cQE/AsiSoOyRetd3.0;server=akswtt10200004b;cloudType=Consumer;environment=Prod_southindia_prod-s01-004-apac-southindia;migrationStage=NotStarted}
{"logTime": "0315/001040", "correlationVector":"xnzyP51rI+p//fyc7MGsJM","action":"Commit Request", "result":"", "context":Item count: 1
Contributing types: Sessions}
{"logTime": "0315/001040", "correlationVector":"xnzyP51rI+p//fyc7MGsJM.1","action":"SyncServerConnectionManagerRequest", "result":"SYNC_SERVER_OK", "context":{"environment":"Prod_southindia_prod-s01-004-apac-southindia", "migrationStage":"NotStarted", "server":"akswtt10200003t"}}
{"logTime": "0315/001040", "correlationVector":"xnzyP51rI+p//fyc7MGsJM.2","action":"Commit Response", "result":"Success", "context":Result: Success. cV=xnzyP51rI+p//fyc7MGsJM.0;server=akswtt10200003t;cloudType=Consumer;environment=Prod_southindia_prod-s01-004-apac-southindia;migrationStage=NotStarted}
{"logTime": "0315/001958", "correlationVector":"TiD6WYCsRyRfSwk92Fo4Y6","action":"Commit Request", "result":"", "context":Item count: 1
Contributing types: Preferences}
{"logTime": "0315/001958", "correlationVector":"TiD6WYCsRyRfSwk92Fo4Y6.1","action":"SyncServerConnectionManagerRequest", "result":"SYNC_SERVER_OK", "context":{"environment":"Prod_southindia_prod-s01-004-apac-southindia", "migrationStage":"NotStarted", "server":"akswtt10200004h"}}
{"logTime": "0315/001958", "correlationVector":"TiD6WYCsRyRfSwk92Fo4Y6.2","action":"Commit Response", "result":"Success", "context":Result: Success. cV=TiD6WYCsRyRfSwk92Fo4Y6.0;server=akswtt10200004h;cloudType=Consumer;environment=Prod_southindia_prod-s01-004-apac-southindia;migrationStage=NotStarted}
{"logTime": "0315/002000", "correlationVector":"jrkkdYOrwS5gz2E7XLkac4","action":"Commit Request", "result":"", "context":Item count: 1
Contributing types: Preferences}
{"logTime": "0315/002001", "correlationVector":"jrkkdYOrwS5gz2E7XLkac4.1","action":"SyncServerConnectionManagerRequest", "result":"SYNC_SERVER_OK", "context":{"environment":"Prod_southindia_prod-s01-004-apac-southindia", "migrationStage":"NotStarted", "server":"akswtt10200004c"}}
{"logTime": "0315/002001", "correlationVector":"jrkkdYOrwS5gz2E7XLkac4.2","action":"Commit Response", "result":"Success", "context":Result: Success. cV=jrkkdYOrwS5gz2E7XLkac4.0;server=akswtt10200004c;cloudType=Consumer;environment=Prod_southindia_prod-s01-004-apac-southindia;migrationStage=NotStarted}
{"logTime": "0315/002010", "correlationVector":"5ouek1VKowMgzQBtNvWCi3","action":"Commit Request", "result":"", "context":Item count: 8
Contributing types: Preferences, Sessions, History}
{"logTime": "0315/002011", "correlationVector":"5ouek1VKowMgzQBtNvWCi3.1","action":"SyncServerConnectionManagerRequest", "result":"SYNC_SERVER_OK", "context":{"environment":"Prod_southindia_prod-s01-004-apac-southindia", "migrationStage":"NotStarted", "server":"akswtt10200004h"}}
{"logTime": "0315/002011", "correlationVector":"5ouek1VKowMgzQBtNvWCi3.2","action":"Commit Response", "result":"Success", "context":Result: Success. cV=5ouek1VKowMgzQBtNvWCi3.0;server=akswtt10200004h;cloudType=Consumer;environment=Prod_southindia_prod-s01-004-apac-southindia;migrationStage=NotStarted}
{"logTime": "0315/002115", "correlationVector":"9Nfw+1QlGlR+my8mKFKYZs","action":"Commit Request", "result":"", "context":Item count: 9
Contributing types: Sessions, History}
{"logTime": "0315/002116", "correlationVector":"9Nfw+1QlGlR+my8mKFKYZs.1","action":"SyncServerConnectionManagerRequest", "result":"SYNC_SERVER_OK", "context":{"environment":"Prod_southindia_prod-s01-004-apac-southindia", "migrationStage":"NotStarted", "server":"akswtt10200002i"}}
{"logTime": "0315/002116", "correlationVector":"9Nfw+1QlGlR+my8mKFKYZs.2","action":"Commit Response", "result":"Success", "context":Result: Success. cV=9Nfw+1QlGlR+my8mKFKYZs.0;server=akswtt10200002i;cloudType=Consumer;environment=Prod_southindia_prod-s01-004-apac-southindia;migrationStage=NotStarted}
{"logTime": "0315/002220", "correlationVector":"meLN5qZmuZjMLOY9Woi9Lh","action":"Commit Request", "result":"", "context":Item count: 8
Contributing types: Sessions, History}
{"logTime": "0315/002220", "correlationVector":"meLN5qZmuZjMLOY9Woi9Lh.1","action":"SyncServerConnectionManagerRequest", "result":"SYNC_SERVER_OK", "context":{"environment":"Prod_southindia_prod-s01-004-apac-southindia", "migrationStage":"NotStarted", "server":"akswtt10200004h"}}
{"logTime": "0315/002220", "correlationVector":"meLN5qZmuZjMLOY9Woi9Lh.2","action":"Commit Response", "result":"Success", "context":Result: Success. cV=meLN5qZmuZjMLOY9Woi9Lh.0;server=akswtt10200004h;cloudType=Consumer;environment=Prod_southindia_prod-s01-004-apac-southindia;migrationStage=NotStarted}
{"logTime": "0315/003223", "correlationVector":"udVtwTC3QLVInYThpWII3Q","action":"Commit Request", "result":"", "context":Item count: 1
Contributing types: Sessions}
{"logTime": "0315/003224", "correlationVector":"udVtwTC3QLVInYThpWII3Q.1","action":"SyncServerConnectionManagerRequest", "result":"SYNC_SERVER_OK", "context":{"environment":"Prod_southindia_prod-s01-004-apac-southindia", "migrationStage":"NotStarted", "server":"akswtt102000042"}}
{"logTime": "0315/003224", "correlationVector":"udVtwTC3QLVInYThpWII3Q.2","action":"Commit Response", "result":"Success", "context":Result: Success. cV=udVtwTC3QLVInYThpWII3Q.0;server=akswtt102000042;cloudType=Consumer;environment=Prod_southindia_prod-s01-004-apac-southindia;migrationStage=NotStarted}
