2026-03-13 21:17:40.951: [INFO][Sync] Reset engine, reason: 8
2026-03-13 21:17:40.951: [INFO][Sync] Stopped: Bookmarks
2026-03-13 21:17:40.951: [INFO][Sync] Stopped: Preferences
2026-03-13 21:17:40.951: [INFO][Sync] Stopped: Passwords
2026-03-13 21:17:40.951: [INFO][Sync] Stopped: Autofill Profiles
2026-03-13 21:17:40.951: [INFO][Sync] Stopped: Autofill
2026-03-13 21:17:40.951: [INFO][Sync] Stopped: Extensions
2026-03-13 21:17:40.951: [INFO][Sync] Stopped: Sessions
2026-03-13 21:17:40.951: [INFO][Sync] Stopped: Extension settings
2026-03-13 21:17:40.951: [INFO][Sync] Stopped: History Delete Directives
2026-03-13 21:17:40.951: [INFO][Sync] Stopped: Device Info
2026-03-13 21:17:40.951: [INFO][Sync] Stopped: User Consents
2026-03-13 21:17:40.951: [INFO][Sync] Stopped: Send Tab To Self
2026-03-13 21:17:40.951: [INFO][Sync] Stopped: Web Apps
2026-03-13 21:17:40.951: [INFO][Sync] Stopped: History
2026-03-13 21:17:40.951: [INFO][Sync] Stopped: Saved Tab Group
2026-03-13 21:17:40.951: [INFO][Sync] Stopped: WebAuthn Credentials
2026-03-13 21:17:40.951: [INFO][Sync] Stopped: Collection
2026-03-13 21:17:40.951: [INFO][Sync] Stopped: Edge E Drop
2026-03-13 21:17:40.951: [INFO][Sync] Stopped: Edge Hub App Usage
2026-03-13 21:17:40.951: [INFO][Sync] Stopped: Edge Wallet
2026-03-13 21:17:40.951: [INFO][Sync] Stopped: Edge Workspace
2026-03-13 21:17:40.951: [INFO][Sync] SyncState after authenticated was: NotSignedIn
2026-03-13 21:17:41.246: [INFO][Sync] Reset engine, reason: 8
2026-03-13 21:17:41.246: [INFO][Sync] Stopped: Bookmarks
2026-03-13 21:17:41.246: [INFO][Sync] Stopped: Preferences
2026-03-13 21:17:41.246: [INFO][Sync] Stopped: Passwords
2026-03-13 21:17:41.246: [INFO][Sync] Stopped: Autofill Profiles
2026-03-13 21:17:41.246: [INFO][Sync] Stopped: Autofill
2026-03-13 21:17:41.246: [INFO][Sync] Stopped: Extensions
2026-03-13 21:17:41.246: [INFO][Sync] Stopped: Sessions
2026-03-13 21:17:41.246: [INFO][Sync] Stopped: Extension settings
2026-03-13 21:17:41.246: [INFO][Sync] Stopped: History Delete Directives
2026-03-13 21:17:41.246: [INFO][Sync] Stopped: Device Info
2026-03-13 21:17:41.246: [INFO][Sync] Stopped: User Consents
2026-03-13 21:17:41.246: [INFO][Sync] Stopped: Send Tab To Self
2026-03-13 21:17:41.246: [INFO][Sync] Stopped: Web Apps
2026-03-13 21:17:41.246: [INFO][Sync] Stopped: History
2026-03-13 21:17:41.246: [INFO][Sync] Stopped: Saved Tab Group
2026-03-13 21:17:41.246: [INFO][Sync] Stopped: WebAuthn Credentials
2026-03-13 21:17:41.246: [INFO][Sync] Stopped: Collection
2026-03-13 21:17:41.246: [INFO][Sync] Stopped: Edge E Drop
2026-03-13 21:17:41.246: [INFO][Sync] Stopped: Edge Hub App Usage
2026-03-13 21:17:41.246: [INFO][Sync] Stopped: Edge Wallet
2026-03-13 21:17:41.246: [INFO][Sync] Stopped: Edge Workspace
2026-03-13 21:17:44.354: [INFO][Sync] Try to start sync engine
2026-03-13 21:17:44.355: [INFO][SyncManagerImpl::NudgeForInitialDownload] Initial download nudge for Encryption Keys
2026-03-13 21:17:44.355: [INFO][SyncEngineBackend::LoadAndConnectNigoriController] Load and connect Nigori controller
2026-03-13 21:17:44.355: [INFO][SyncEngineBackend::DoInitialize] Control Types added: Encryption Keys
2026-03-13 21:17:44.355: [INFO][SyncManagerImpl::ConfigureSyncer] Types to download: Encryption Keys with reason: 3
2026-03-13 21:17:44.355: [INFO][SyncSchedulerImpl::DoConfigurationSyncCycleJob] Configure job was blocked
2026-03-13 21:17:45.299: [INFO][SyncAuthManager::SetLastAuthError] Current auth error: None
2026-03-13 21:17:45.299: [INFO][SyncAuthManager::EdgeLogTokenErrorState] Token error with: None for account type: MSA
2026-03-13 21:17:45.300: [INFO][Sync] Credentials changed for: EdgeSyncScopeNew
2026-03-13 21:17:45.374: [INFO][SyncAuthManager::SetLastAuthError] Current auth error: None
2026-03-13 21:17:45.374: [INFO][SyncAuthManager::EdgeLogTokenErrorState] Token error with: None for account type: MSA
2026-03-13 21:17:45.374: [INFO][Sync] Credentials changed for: EdgeSyncKeyDataScope
2026-03-13 21:17:45.374: [INFO][SyncEngineBackend::DoUpdateKeyDataCredentials] Update key data credentials
2026-03-13 21:17:45.374: [INFO][SyncEngineBackend::DoUpdateCredentials] Update credentials
2026-03-13 21:17:45.374: [INFO][SyncSchedulerImpl::DoConfigurationSyncCycleJob] Blocked types:  and types to download: Encryption Keys
2026-03-13 21:17:46.151: [INFO][Sync] Started DataTypeManager configuration, reason: 4
2026-03-13 21:17:46.151: [INFO][Sync] Configuring for: Bookmarks, Preferences, Passwords, Autofill Profiles, Autofill, Extensions, Sessions, Extension settings, History Delete Directives, Device Info, User Consents, Send Tab To Self, Web Apps, History, Saved Tab Group, WebAuthn Credentials, Collection, Edge E Drop, Edge Hub App Usage, Edge Wallet, Edge Workspace, Encryption Keys, reason: 3, current state: 0
2026-03-13 21:17:46.151: [WARN][Sync] Crypto error data types: Passwords, Autofill Profiles, Autofill
2026-03-13 21:17:46.153: [INFO][Sync] Configure, desired: Bookmarks, Preferences, Extensions, Sessions, Extension settings, History Delete Directives, Device Info, User Consents, Send Tab To Self, Web Apps, History, Saved Tab Group, WebAuthn Credentials, Collection, Edge E Drop, Edge Hub App Usage, Edge Wallet, Edge Workspace, Encryption Keys; Allow fail: Passwords, Autofill Profiles, Autofill
2026-03-13 21:17:46.153: [INFO][Sync] Loading: Bookmarks
2026-03-13 21:17:46.153: [INFO][Sync] Loading: Preferences
2026-03-13 21:17:46.153: [INFO][Sync] Loading: Extensions
2026-03-13 21:17:46.153: [INFO][Sync] Loading: Sessions
2026-03-13 21:17:46.153: [INFO][Sync] Loading: Extension settings
2026-03-13 21:17:46.153: [INFO][Sync] Loading: History Delete Directives
2026-03-13 21:17:46.153: [INFO][Sync] Loading: Device Info
2026-03-13 21:17:46.153: [INFO][Sync] Loading: User Consents
2026-03-13 21:17:46.153: [INFO][Sync] Loading: Send Tab To Self
2026-03-13 21:17:46.153: [INFO][Sync] Loading: Web Apps
2026-03-13 21:17:46.153: [INFO][Sync] Loading: History
2026-03-13 21:17:46.153: [INFO][Sync] Loading: Saved Tab Group
2026-03-13 21:17:46.153: [INFO][Sync] Loading: WebAuthn Credentials
2026-03-13 21:17:46.153: [INFO][Sync] Loading: Collection
2026-03-13 21:17:46.153: [INFO][Sync] Loading: Edge E Drop
2026-03-13 21:17:46.153: [INFO][Sync] Loading: Edge Hub App Usage
2026-03-13 21:17:46.153: [INFO][Sync] Loading: Edge Wallet
2026-03-13 21:17:46.153: [INFO][Sync] Loading: Edge Workspace
2026-03-13 21:17:46.157: [INFO][Sync] All data types are ready for configure.
2026-03-13 21:17:46.700: [INFO][Sync] Started DataTypeManager configuration, reason: 5
2026-03-13 21:17:46.700: [INFO][Sync] Configuring for: Bookmarks, Preferences, Passwords, Autofill Profiles, Autofill, Extensions, Sessions, Extension settings, History Delete Directives, Device Info, User Consents, Send Tab To Self, Web Apps, History, Saved Tab Group, WebAuthn Credentials, Collection, Edge E Drop, Edge Hub App Usage, Edge Wallet, Edge Workspace, Encryption Keys, reason: 5, current state: 1
2026-03-13 21:17:46.705: [INFO][SyncEngineBackend::DoStartConfiguration] Start configuration
2026-03-13 21:17:46.705: [INFO][SyncManagerImpl::NudgeForInitialDownload] Initial download nudge for Bookmarks
2026-03-13 21:17:46.705: [INFO][SyncManagerImpl::NudgeForInitialDownload] Initial download nudge for Preferences
2026-03-13 21:17:46.705: [INFO][SyncManagerImpl::NudgeForInitialDownload] Initial download nudge for Extensions
2026-03-13 21:17:46.705: [INFO][SyncManagerImpl::NudgeForInitialDownload] Initial download nudge for Sessions
2026-03-13 21:17:46.705: [INFO][SyncManagerImpl::NudgeForInitialDownload] Initial download nudge for Extension settings
2026-03-13 21:17:46.705: [INFO][SyncManagerImpl::NudgeForInitialDownload] Initial download nudge for History Delete Directives
2026-03-13 21:17:46.705: [INFO][SyncManagerImpl::NudgeForInitialDownload] Initial download nudge for Device Info
2026-03-13 21:17:46.705: [INFO][SyncManagerImpl::NudgeForInitialDownload] Initial download nudge for Send Tab To Self
2026-03-13 21:17:46.705: [INFO][SyncManagerImpl::NudgeForInitialDownload] Initial download nudge for Web Apps
2026-03-13 21:17:46.705: [INFO][SyncManagerImpl::NudgeForInitialDownload] Initial download nudge for History
2026-03-13 21:17:46.705: [INFO][SyncManagerImpl::NudgeForInitialDownload] Initial download nudge for Saved Tab Group
2026-03-13 21:17:46.705: [INFO][SyncManagerImpl::NudgeForInitialDownload] Initial download nudge for WebAuthn Credentials
2026-03-13 21:17:46.705: [INFO][SyncManagerImpl::NudgeForInitialDownload] Initial download nudge for Collection
2026-03-13 21:17:46.705: [INFO][SyncManagerImpl::NudgeForInitialDownload] Initial download nudge for Edge E Drop
2026-03-13 21:17:46.705: [INFO][SyncManagerImpl::NudgeForInitialDownload] Initial download nudge for Edge Hub App Usage
2026-03-13 21:17:46.705: [INFO][SyncManagerImpl::NudgeForInitialDownload] Initial download nudge for Edge Wallet
2026-03-13 21:17:46.705: [INFO][SyncManagerImpl::NudgeForInitialDownload] Initial download nudge for Edge Workspace
2026-03-13 21:17:46.705: [INFO][SyncManagerImpl::ConfigureSyncer] Types to download:  with reason: 3
2026-03-13 21:17:46.705: [INFO][SyncEngineBackend::DoFinishConfigureDataTypes] Failed to download types:  and succeeded types: 
2026-03-13 21:17:46.709: [INFO][Sync] ConfigurationDone, failed: , succeeded: , remaining count: 4
2026-03-13 21:17:46.709: [WARN][Sync]     Reconfigure requested while configuration ongoing.
2026-03-13 21:17:46.709: [INFO][Sync] Configuring for: Bookmarks, Preferences, Passwords, Autofill Profiles, Autofill, Extensions, Sessions, Extension settings, History Delete Directives, Device Info, User Consents, Send Tab To Self, Web Apps, History, Saved Tab Group, WebAuthn Credentials, Collection, Edge E Drop, Edge Hub App Usage, Edge Wallet, Edge Workspace, Encryption Keys, reason: 5, current state: 2
2026-03-13 21:17:46.709: [INFO][Sync] Configure, desired: Bookmarks, Preferences, Passwords, Autofill Profiles, Autofill, Extensions, Sessions, Extension settings, History Delete Directives, Device Info, User Consents, Send Tab To Self, Web Apps, History, Saved Tab Group, WebAuthn Credentials, Collection, Edge E Drop, Edge Hub App Usage, Edge Wallet, Edge Workspace, Encryption Keys; Allow fail: 
2026-03-13 21:17:46.709: [INFO][Sync] Loading: Passwords
2026-03-13 21:17:46.709: [INFO][Sync] Loading: Autofill Profiles
2026-03-13 21:17:46.709: [INFO][Sync] Loading: Autofill
2026-03-13 21:17:46.709: [INFO][Sync] All data types are ready for configure.
2026-03-13 21:17:46.709: [INFO][SyncManagerImpl::NudgeForInitialDownload] Initial download nudge for Passwords
2026-03-13 21:17:46.709: [INFO][SyncManagerImpl::NudgeForInitialDownload] Initial download nudge for Autofill Profiles
2026-03-13 21:17:46.709: [INFO][SyncManagerImpl::NudgeForInitialDownload] Initial download nudge for Autofill
2026-03-13 21:17:46.709: [INFO][SyncManagerImpl::ConfigureSyncer] Types to download:  with reason: 5
2026-03-13 21:17:46.709: [INFO][SyncEngineBackend::DoFinishConfigureDataTypes] Failed to download types:  and succeeded types: 
2026-03-13 21:17:46.709: [INFO][Sync] ConfigurationDone, failed: , succeeded: , remaining count: 4
2026-03-13 21:17:46.709: [INFO][Sync] Prepare to configure types: Preferences, Passwords, Device Info, Send Tab To Self, Edge E Drop, Encryption Keys
2026-03-13 21:17:46.709: [INFO][SyncManagerImpl::ConfigureSyncer] Types to download: Preferences, Passwords, Device Info, Send Tab To Self, Edge E Drop, Encryption Keys with reason: 5
2026-03-13 21:17:46.709: [INFO][SyncSchedulerImpl::DoConfigurationSyncCycleJob] Blocked types:  and types to download: Preferences, Passwords, Device Info, Send Tab To Self, Edge E Drop, Encryption Keys
2026-03-13 21:17:47.242: [INFO][SyncEngineBackend::DoFinishConfigureDataTypes] Failed to download types:  and succeeded types: Preferences, Passwords, Device Info, Send Tab To Self, Edge E Drop, Encryption Keys
2026-03-13 21:17:47.491: [INFO][Sync] ConfigurationDone, failed: , succeeded: Preferences, Passwords, Device Info, Send Tab To Self, Edge E Drop, Encryption Keys, remaining count: 3
2026-03-13 21:17:47.492: [INFO][Sync] Prepare to configure types: Bookmarks, Encryption Keys
2026-03-13 21:17:47.492: [INFO][SyncManagerImpl::ConfigureSyncer] Types to download: Bookmarks, Encryption Keys with reason: 5
2026-03-13 21:17:47.492: [INFO][SyncSchedulerImpl::DoConfigurationSyncCycleJob] Blocked types:  and types to download: Bookmarks, Encryption Keys
2026-03-13 21:17:47.802: [INFO][SyncEngineBackend::DoFinishConfigureDataTypes] Failed to download types:  and succeeded types: Bookmarks, Encryption Keys
2026-03-13 21:17:47.815: [INFO][Sync] ConfigurationDone, failed: , succeeded: Bookmarks, Encryption Keys, remaining count: 2
2026-03-13 21:17:47.816: [INFO][Sync] Prepare to configure types: Autofill Profiles, Autofill, Extensions, Sessions, Extension settings, History Delete Directives, Web Apps, Saved Tab Group, WebAuthn Credentials, Collection, Edge Hub App Usage, Edge Wallet, Edge Workspace, Encryption Keys
2026-03-13 21:17:47.816: [INFO][SyncManagerImpl::ConfigureSyncer] Types to download: Autofill Profiles, Autofill, Extensions, Sessions, Extension settings, History Delete Directives, Web Apps, Saved Tab Group, WebAuthn Credentials, Collection, Edge Hub App Usage, Edge Wallet, Edge Workspace, Encryption Keys with reason: 5
2026-03-13 21:17:47.816: [INFO][SyncSchedulerImpl::DoConfigurationSyncCycleJob] Blocked types:  and types to download: Autofill Profiles, Autofill, Extensions, Sessions, Extension settings, History Delete Directives, Web Apps, Saved Tab Group, WebAuthn Credentials, Collection, Edge Hub App Usage, Edge Wallet, Edge Workspace, Encryption Keys
2026-03-13 21:17:48.677: [INFO][SyncEngineBackend::DoFinishConfigureDataTypes] Failed to download types:  and succeeded types: Autofill Profiles, Autofill, Extensions, Sessions, Extension settings, History Delete Directives, Web Apps, Saved Tab Group, WebAuthn Credentials, Collection, Edge Hub App Usage, Edge Wallet, Edge Workspace, Encryption Keys
2026-03-13 21:17:48.681: [INFO][Sync] ConfigurationDone, failed: , succeeded: Autofill Profiles, Autofill, Extensions, Sessions, Extension settings, History Delete Directives, Web Apps, Saved Tab Group, WebAuthn Credentials, Collection, Edge Hub App Usage, Edge Wallet, Edge Workspace, Encryption Keys, remaining count: 1
2026-03-13 21:17:48.684: [INFO][Sync] Prepare to configure types: History, Encryption Keys
2026-03-13 21:17:48.684: [INFO][SyncManagerImpl::ConfigureSyncer] Types to download: History, Encryption Keys with reason: 5
2026-03-13 21:17:48.684: [INFO][SyncSchedulerImpl::DoConfigurationSyncCycleJob] Blocked types:  and types to download: History, Encryption Keys
2026-03-13 21:17:48.947: [INFO][SyncEngineBackend::DoFinishConfigureDataTypes] Failed to download types:  and succeeded types: History, Encryption Keys
2026-03-13 21:17:48.949: [INFO][Sync] ConfigurationDone, failed: , succeeded: History, Encryption Keys, remaining count: 0
2026-03-13 21:17:48.951: [INFO][Sync]     Configuration completed, state: 7
2026-03-13 21:17:48.951: [INFO][Sync] Configured DataTypeManager: Ok
2026-03-13 21:17:48.954: [INFO][SyncEngineBackend::DoStartSyncing] Start syncing
2026-03-13 21:17:57.382: [INFO][Sync] Reset engine, reason: 0
2026-03-13 21:17:57.382: [INFO][Sync] Reset engine with reason: 0
2026-03-14 14:44:05.733: [INFO][Sync] SyncState after authenticated was: FeatureCanStart
2026-03-14 14:44:07.560: [INFO][SyncAuthManager::SetLastAuthError] Current auth error: None
2026-03-14 14:44:07.560: [INFO][SyncAuthManager::EdgeLogTokenErrorState] Token error with: None for account type: MSA
2026-03-14 14:44:07.560: [INFO][Sync] Credentials changed for: EdgeSyncKeyDataScope
2026-03-14 14:44:12.754: [INFO][Sync] Try to start sync engine
2026-03-14 14:44:12.754: [INFO][SyncManagerImpl::NudgeForInitialDownload] Initial download nudge for Encryption Keys
2026-03-14 14:44:12.754: [INFO][SyncEngineBackend::LoadAndConnectNigoriController] Load and connect Nigori controller
2026-03-14 14:44:12.754: [INFO][SyncEngineBackend::DoInitialize] Control Types added: Encryption Keys
2026-03-14 14:44:12.754: [INFO][SyncManagerImpl::ConfigureSyncer] Types to download: Encryption Keys with reason: 3
2026-03-14 14:44:12.754: [INFO][SyncEngineBackend::DoUpdateKeyDataCredentials] Update key data credentials
2026-03-14 14:44:12.754: [INFO][SyncSchedulerImpl::DoConfigurationSyncCycleJob] Configure job was blocked
2026-03-14 14:44:13.451: [INFO][SyncAuthManager::SetLastAuthError] Current auth error: None
2026-03-14 14:44:13.451: [INFO][SyncAuthManager::EdgeLogTokenErrorState] Token error with: None for account type: MSA
2026-03-14 14:44:13.451: [INFO][Sync] Credentials changed for: EdgeSyncScopeNew
2026-03-14 14:44:13.451: [INFO][SyncEngineBackend::DoUpdateCredentials] Update credentials
2026-03-14 14:44:13.451: [INFO][SyncEngineBackend::DoUpdateKeyDataCredentials] Update key data credentials
2026-03-14 14:44:13.451: [INFO][SyncSchedulerImpl::DoConfigurationSyncCycleJob] Blocked types:  and types to download: Encryption Keys
2026-03-14 14:44:14.221: [INFO][Sync] Started DataTypeManager configuration, reason: 4
2026-03-14 14:44:14.221: [INFO][Sync] Configuring for: Bookmarks, Preferences, Passwords, Autofill Profiles, Autofill, Extensions, Sessions, Extension settings, History Delete Directives, Device Info, User Consents, Send Tab To Self, Web Apps, History, Saved Tab Group, WebAuthn Credentials, Collection, Edge E Drop, Edge Hub App Usage, Edge Wallet, Edge Workspace, Encryption Keys, reason: 4, current state: 0
2026-03-14 14:44:14.221: [WARN][Sync] Crypto error data types: Passwords, Autofill Profiles, Autofill
2026-03-14 14:44:14.225: [INFO][Sync] Configure, desired: Bookmarks, Preferences, Extensions, Sessions, Extension settings, History Delete Directives, Device Info, User Consents, Send Tab To Self, Web Apps, History, Saved Tab Group, WebAuthn Credentials, Collection, Edge E Drop, Edge Hub App Usage, Edge Wallet, Edge Workspace, Encryption Keys; Allow fail: Passwords, Autofill Profiles, Autofill
2026-03-14 14:44:14.225: [INFO][Sync] Loading: Bookmarks
2026-03-14 14:44:14.225: [INFO][Sync] Loading: Preferences
2026-03-14 14:44:14.225: [INFO][Sync] Loading: Extensions
2026-03-14 14:44:14.225: [INFO][Sync] Loading: Sessions
2026-03-14 14:44:14.225: [INFO][Sync] Loading: Extension settings
2026-03-14 14:44:14.225: [INFO][Sync] Loading: History Delete Directives
2026-03-14 14:44:14.225: [INFO][Sync] Loading: Device Info
2026-03-14 14:44:14.225: [INFO][Sync] Loading: User Consents
2026-03-14 14:44:14.225: [INFO][Sync] Loading: Send Tab To Self
2026-03-14 14:44:14.225: [INFO][Sync] Loading: Web Apps
2026-03-14 14:44:14.225: [INFO][Sync] Loading: History
2026-03-14 14:44:14.226: [INFO][Sync] Loading: Saved Tab Group
2026-03-14 14:44:14.226: [INFO][Sync] Loading: WebAuthn Credentials
2026-03-14 14:44:14.226: [INFO][Sync] Loading: Collection
2026-03-14 14:44:14.226: [INFO][Sync] Loading: Edge E Drop
2026-03-14 14:44:14.226: [INFO][Sync] Loading: Edge Hub App Usage
2026-03-14 14:44:14.226: [INFO][Sync] Loading: Edge Wallet
2026-03-14 14:44:14.226: [INFO][Sync] Loading: Edge Workspace
2026-03-14 14:44:14.240: [INFO][Sync] All data types are ready for configure.
2026-03-14 14:44:14.760: [INFO][Sync] Started DataTypeManager configuration, reason: 5
2026-03-14 14:44:14.760: [INFO][Sync] Configuring for: Bookmarks, Preferences, Passwords, Autofill Profiles, Autofill, Extensions, Sessions, Extension settings, History Delete Directives, Device Info, User Consents, Send Tab To Self, Web Apps, History, Saved Tab Group, WebAuthn Credentials, Collection, Edge E Drop, Edge Hub App Usage, Edge Wallet, Edge Workspace, Encryption Keys, reason: 5, current state: 1
2026-03-14 14:44:14.761: [INFO][SyncEngineBackend::DoStartConfiguration] Start configuration
2026-03-14 14:44:14.762: [INFO][SyncManagerImpl::ConfigureSyncer] Types to download:  with reason: 4
2026-03-14 14:44:14.762: [INFO][SyncEngineBackend::DoFinishConfigureDataTypes] Failed to download types:  and succeeded types: 
2026-03-14 14:44:14.762: [INFO][Sync] ConfigurationDone, failed: , succeeded: , remaining count: 4
2026-03-14 14:44:14.762: [WARN][Sync]     Reconfigure requested while configuration ongoing.
2026-03-14 14:44:14.762: [INFO][Sync] Configuring for: Bookmarks, Preferences, Passwords, Autofill Profiles, Autofill, Extensions, Sessions, Extension settings, History Delete Directives, Device Info, User Consents, Send Tab To Self, Web Apps, History, Saved Tab Group, WebAuthn Credentials, Collection, Edge E Drop, Edge Hub App Usage, Edge Wallet, Edge Workspace, Encryption Keys, reason: 5, current state: 2
2026-03-14 14:44:14.762: [INFO][Sync] Configure, desired: Bookmarks, Preferences, Passwords, Autofill Profiles, Autofill, Extensions, Sessions, Extension settings, History Delete Directives, Device Info, User Consents, Send Tab To Self, Web Apps, History, Saved Tab Group, WebAuthn Credentials, Collection, Edge E Drop, Edge Hub App Usage, Edge Wallet, Edge Workspace, Encryption Keys; Allow fail: 
2026-03-14 14:44:14.762: [INFO][Sync] Loading: Passwords
2026-03-14 14:44:14.762: [INFO][Sync] Loading: Autofill Profiles
2026-03-14 14:44:14.762: [INFO][Sync] Loading: Autofill
2026-03-14 14:44:14.762: [INFO][Sync] All data types are ready for configure.
2026-03-14 14:44:14.762: [INFO][SyncManagerImpl::NudgeForInitialDownload] Initial download nudge for Passwords
2026-03-14 14:44:14.762: [INFO][SyncManagerImpl::ConfigureSyncer] Types to download:  with reason: 5
2026-03-14 14:44:14.762: [INFO][SyncEngineBackend::DoFinishConfigureDataTypes] Failed to download types:  and succeeded types: 
2026-03-14 14:44:14.763: [INFO][Sync] ConfigurationDone, failed: , succeeded: , remaining count: 4
2026-03-14 14:44:14.763: [INFO][Sync] Prepare to configure types: Passwords, Encryption Keys
2026-03-14 14:44:14.763: [INFO][SyncManagerImpl::ConfigureSyncer] Types to download: Passwords, Encryption Keys with reason: 5
2026-03-14 14:44:14.763: [INFO][SyncSchedulerImpl::DoConfigurationSyncCycleJob] Blocked types:  and types to download: Passwords, Encryption Keys
2026-03-14 14:44:15.563: [INFO][SyncEngineBackend::DoFinishConfigureDataTypes] Failed to download types:  and succeeded types: Passwords, Encryption Keys
2026-03-14 14:44:15.566: [INFO][Sync] ConfigurationDone, failed: , succeeded: Passwords, Encryption Keys, remaining count: 3
2026-03-14 14:44:15.566: [INFO][SyncManagerImpl::ConfigureSyncer] Types to download:  with reason: 5
2026-03-14 14:44:15.566: [INFO][SyncEngineBackend::DoFinishConfigureDataTypes] Failed to download types:  and succeeded types: 
2026-03-14 14:44:15.566: [INFO][Sync] ConfigurationDone, failed: , succeeded: , remaining count: 2
2026-03-14 14:44:15.566: [INFO][SyncManagerImpl::ConfigureSyncer] Types to download:  with reason: 5
2026-03-14 14:44:15.566: [INFO][SyncEngineBackend::DoFinishConfigureDataTypes] Failed to download types:  and succeeded types: 
2026-03-14 14:44:15.570: [INFO][Sync] ConfigurationDone, failed: , succeeded: , remaining count: 1
2026-03-14 14:44:15.573: [INFO][SyncManagerImpl::ConfigureSyncer] Types to download:  with reason: 5
2026-03-14 14:44:15.573: [INFO][SyncEngineBackend::DoFinishConfigureDataTypes] Failed to download types:  and succeeded types: 
2026-03-14 14:44:15.574: [INFO][Sync] ConfigurationDone, failed: , succeeded: , remaining count: 0
2026-03-14 14:44:15.577: [INFO][Sync]     Configuration completed, state: 7
2026-03-14 14:44:15.577: [INFO][Sync] Configured DataTypeManager: Ok
2026-03-14 14:44:15.580: [INFO][SyncEngineBackend::DoStartSyncing] Start syncing
2026-03-14 23:36:28.483: [INFO][SyncSchedulerImpl::OnSyncNetworkError] Syncer error: HTTP error (401)
2026-03-14 23:36:28.484: [INFO][Commit::ReportFullCommitFailure] Commit Sessions failed with error: AuthError
2026-03-14 23:36:28.484: [INFO][Sync] Connection status changed to: 2
2026-03-14 23:36:28.484: [INFO][SyncSchedulerImpl::DoNudgeSyncCycleJob] Syncer error: HTTP error (401)
2026-03-14 23:36:28.493: [WARN][Sync] NetworkError: HTTP error (401)
2026-03-14 23:36:30.840: [INFO][SyncAuthManager::SetLastAuthError] Current auth error: None
2026-03-14 23:36:30.840: [INFO][SyncAuthManager::EdgeLogTokenErrorState] Token error with: None for account type: MSA
2026-03-14 23:36:30.840: [INFO][Sync] Credentials changed for: EdgeSyncScopeNew
2026-03-14 23:36:31.747: [INFO][SyncAuthManager::SetLastAuthError] Current auth error: None
2026-03-14 23:36:31.747: [INFO][SyncAuthManager::EdgeLogTokenErrorState] Token error with: None for account type: MSA
2026-03-14 23:36:31.747: [INFO][Sync] Credentials changed for: EdgeSyncKeyDataScope
2026-03-14 23:36:31.747: [INFO][SyncEngineBackend::DoUpdateKeyDataCredentials] Update key data credentials
2026-03-14 23:36:31.747: [INFO][SyncEngineBackend::DoUpdateCredentials] Update credentials
2026-03-15 00:33:16.716: [INFO][Sync] Reset engine, reason: 0
2026-03-15 00:33:16.716: [INFO][Sync] Reset engine with reason: 0
